2020-07-29 14:17:52.062  INFO 32399 --- [main] c.s.SpringbootCustomerApplicationTests   : Starting SpringbootCustomerApplicationTests on avrilctos19-lnx.cisco.com with PID 32399 (started by soaswal in /home/soaswal/springboot-cassandra-autoconfiguration/springboot-cassandra-autoconfiguration)
2020-07-29 14:17:52.064  INFO 32399 --- [main] c.s.SpringbootCustomerApplicationTests   : No active profile set, falling back to default profiles: default
2020-07-29 14:17:52.108  INFO 32399 --- [main] o.s.w.c.s.GenericWebApplicationContext   : Refreshing org.springframework.web.context.support.GenericWebApplicationContext@6d5620ce: startup date [Wed Jul 29 14:17:52 IST 2020]; root of context hierarchy
2020-07-29 14:17:52.973  INFO 32399 --- [main] c.d.driver.core.GuavaCompatibility       : Detected Guava >= 19 in the classpath, using modern compatibility layer
2020-07-29 14:17:53.179  INFO 32399 --- [main] com.datastax.driver.core.ClockFactory    : Using native clock to generate timestamps.
2020-07-29 14:17:53.526  INFO 32399 --- [main] com.datastax.driver.core.NettyUtil       : Did not find Netty's native epoll transport in the classpath, defaulting to NIO.
2020-07-29 14:17:53.736  WARN 32399 --- [cluster1-nio-worker-0] com.datastax.driver.core.Connection      : /10.76.81.119:9042 did not send an authentication challenge; This is suspicious because the driver expects authentication (configured auth provider = com.datastax.driver.core.PlainTextAuthProvider)
2020-07-29 14:17:53.876  INFO 32399 --- [main] c.d.d.c.p.DCAwareRoundRobinPolicy        : Using data-center name 'datacenter1' for DCAwareRoundRobinPolicy (if this is incorrect, please provide the correct datacenter name with DCAwareRoundRobinPolicy constructor)
2020-07-29 14:17:53.878  INFO 32399 --- [main] com.datastax.driver.core.Cluster         : New Cassandra host /10.76.81.119:9042 added
2020-07-29 14:17:53.886  WARN 32399 --- [cluster1-nio-worker-1] com.datastax.driver.core.Connection      : /10.76.81.119:9042 did not send an authentication challenge; This is suspicious because the driver expects authentication (configured auth provider = com.datastax.driver.core.PlainTextAuthProvider)
2020-07-29 14:17:54.319  INFO 32399 --- [main] o.s.w.s.handler.SimpleUrlHandlerMapping  : Mapped URL path [/**/favicon.ico] onto handler of type [class org.springframework.web.servlet.resource.ResourceHttpRequestHandler]
2020-07-29 14:17:54.525  INFO 32399 --- [main] s.w.s.m.m.a.RequestMappingHandlerAdapter : Looking for @ControllerAdvice: org.springframework.web.context.support.GenericWebApplicationContext@6d5620ce: startup date [Wed Jul 29 14:17:52 IST 2020]; root of context hierarchy
2020-07-29 14:17:54.594  INFO 32399 --- [main] s.w.s.m.m.a.RequestMappingHandlerMapping : Mapped "{[/org-onboarding/api/v1/Organisation],methods=[POST],consumes=[application/json]}" onto public com.springboot.controller.Customer com.springboot.controller.CustomerController.createOrganisation(com.springboot.controller.Customer)
2020-07-29 14:17:54.595  INFO 32399 --- [main] s.w.s.m.m.a.RequestMappingHandlerMapping : Mapped "{[/org-onboarding/api/v1/Organisation/{guid}],methods=[GET],produces=[application/json]}" onto public com.springboot.controller.Customer com.springboot.controller.CustomerController.getOrganisation(java.lang.String)
2020-07-29 14:17:54.596  INFO 32399 --- [main] s.w.s.m.m.a.RequestMappingHandlerMapping : Mapped "{[/org-onboarding/api/v1/Organisation/{guid}],methods=[DELETE],produces=[application/json]}" onto public void com.springboot.controller.CustomerController.deleteOrganisation(java.lang.String)
2020-07-29 14:17:54.596  INFO 32399 --- [main] s.w.s.m.m.a.RequestMappingHandlerMapping : Mapped "{[/org-onboarding/api/v1/Organisation/{guid}],methods=[PUT],produces=[application/json]}" onto public com.springboot.controller.Customer com.springboot.controller.CustomerController.updateOrganisation(com.springboot.controller.Customer)
2020-07-29 14:17:54.598  INFO 32399 --- [main] s.w.s.m.m.a.RequestMappingHandlerMapping : Mapped "{[/error],produces=[text/html]}" onto public org.springframework.web.servlet.ModelAndView org.springframework.boot.autoconfigure.web.servlet.error.BasicErrorController.errorHtml(javax.servlet.http.HttpServletRequest,javax.servlet.http.HttpServletResponse)
2020-07-29 14:17:54.599  INFO 32399 --- [main] s.w.s.m.m.a.RequestMappingHandlerMapping : Mapped "{[/error]}" onto public org.springframework.http.ResponseEntity<java.util.Map<java.lang.String, java.lang.Object>> org.springframework.boot.autoconfigure.web.servlet.error.BasicErrorController.error(javax.servlet.http.HttpServletRequest)
2020-07-29 14:17:54.622  INFO 32399 --- [main] o.s.w.s.handler.SimpleUrlHandlerMapping  : Mapped URL path [/webjars/**] onto handler of type [class org.springframework.web.servlet.resource.ResourceHttpRequestHandler]
2020-07-29 14:17:54.622  INFO 32399 --- [main] o.s.w.s.handler.SimpleUrlHandlerMapping  : Mapped URL path [/**] onto handler of type [class org.springframework.web.servlet.resource.ResourceHttpRequestHandler]
2020-07-29 14:17:54.809  INFO 32399 --- [main] c.s.SpringbootCustomerApplicationTests   : Started SpringbootCustomerApplicationTests in 2.975 seconds (JVM running for 3.597)
2020-07-29 14:17:54.861  INFO 32399 --- [Thread-2] o.s.w.c.s.GenericWebApplicationContext   : Closing org.springframework.web.context.support.GenericWebApplicationContext@6d5620ce: startup date [Wed Jul 29 14:17:52 IST 2020]; root of context hierarchy
